<?xml version="1.0" encoding="UTF-8"?>
<testsuite xmlns:xsi="http://www.w3.org/2001/XMLSchema-instance" xsi:noNamespaceSchemaLocation="https://maven.apache.org/surefire/maven-surefire-plugin/xsd/surefire-test-report.xsd" name="com.myProject11_1.mapper.MyRecordMapperTest" time="0.093" tests="3" errors="0" skipped="0" failures="0">
  <properties>
[...]
</properties>
  <testcase name="queryMyRecordDto" classname="com.myProject11_1.mapper.MyRecordMapperTest" time="0.031"/>
  <testcase name="getTree" classname="com.myProject11_1.mapper.MyRecordMapperTest" time="0.015"/>
  <testcase name="initTree" classname="com.myProject11_1.mapper.MyRecordMapperTest" time="0.047"/>
</testsuite>